<?xml version="1.0" encoding="UTF-8"?>
<!-- Generated by org.testng.reporters.JUnitXMLReporter -->
<testsuite ignored="0" hostname="ap" failures="0" tests="4" name="Command line test" time="0.039" errors="0" timestamp="2022-04-14T15:16:58 IST">
  <testcase classname="calcTest" name="factorialTest" time="0.012"/>
  <testcase classname="calcTest" name="logTest" time="0.003"/>
  <testcase classname="calcTest" name="powerTest" time="0.002"/>
  <testcase classname="calcTest" name="squareRootTest" time="0.002"/>
</testsuite> <!-- Command line test -->
