<?xml version="1.0" encoding="UTF-8"?>
<testng-results ignored="0" total="4" passed="4" failed="0" skipped="0">
  <reporter-output>
  </reporter-output>
  <suite started-at="2022-04-14T15:16:58 IST" name="calcTest" finished-at="2022-04-14T15:16:58 IST" duration-ms="39">
    <groups>
    </groups>
    <test started-at="2022-04-14T15:16:58 IST" name="Command line test" finished-at="2022-04-14T15:16:58 IST" duration-ms="39">
      <class name="calcTest">
        <test-method signature="factorialTest()[pri:0, instance:calcTest@492691d7]" started-at="2022-04-14T15:16:58 IST" name="factorialTest" finished-at="2022-04-14T15:16:58 IST" duration-ms="12" status="PASS">
          <reporter-output>
          </reporter-output>
        </test-method> <!-- factorialTest -->
        <test-method signature="logTest()[pri:0, instance:calcTest@492691d7]" started-at="2022-04-14T15:16:58 IST" name="logTest" finished-at="2022-04-14T15:16:58 IST" duration-ms="3" status="PASS">
          <reporter-output>
          </reporter-output>
        </test-method> <!-- logTest -->
        <test-method signature="powerTest()[pri:0, instance:calcTest@492691d7]" started-at="2022-04-14T15:16:58 IST" name="powerTest" finished-at="2022-04-14T15:16:58 IST" duration-ms="2" status="PASS">
          <reporter-output>
          </reporter-output>
        </test-method> <!-- powerTest -->
        <test-method signature="squareRootTest()[pri:0, instance:calcTest@492691d7]" started-at="2022-04-14T15:16:58 IST" name="squareRootTest" finished-at="2022-04-14T15:16:58 IST" duration-ms="2" status="PASS">
          <reporter-output>
          </reporter-output>
        </test-method> <!-- squareRootTest -->
      </class> <!-- calcTest -->
    </test> <!-- Command line test -->
  </suite> <!-- calcTest -->
</testng-results>
